<?xml version="1.0" encoding="UTF-8"?>
<testng-results ignored="0" total="19" passed="13" failed="6" skipped="0">
  <reporter-output>
  </reporter-output>
  <suite started-at="2020-06-30T15:29:50 GMT+07:00" name="Default suite" finished-at="2020-06-30T15:29:50 GMT+07:00" duration-ms="278">
    <groups>
    </groups>
    <test started-at="2020-06-30T15:29:50 GMT+07:00" name="Default test" finished-at="2020-06-30T15:29:50 GMT+07:00" duration-ms="278">
      <class name="testModel.ChuyenDeTest">
        <test-method is-config="true" signature="beforeMethod()[pri:0, instance:testModel.ChuyenDeTest@5c33f1a9]" started-at="2020-06-30T15:29:50 GMT+07:00" name="beforeMethod" finished-at="2020-06-30T15:29:50 GMT+07:00" duration-ms="8" status="PASS">
          <reporter-output>
          </reporter-output>
        </test-method> <!-- beforeMethod -->
        <test-method signature="getHinhTest()[pri:0, instance:testModel.ChuyenDeTest@5c33f1a9]" started-at="2020-06-30T15:29:50 GMT+07:00" name="getHinhTest" finished-at="2020-06-30T15:29:50 GMT+07:00" duration-ms="11" status="PASS">
          <reporter-output>
          </reporter-output>
        </test-method> <!-- getHinhTest -->
        <test-method is-config="true" signature="afterMethod()[pri:0, instance:testModel.ChuyenDeTest@5c33f1a9]" started-at="2020-06-30T15:29:50 GMT+07:00" name="afterMethod" finished-at="2020-06-30T15:29:50 GMT+07:00" duration-ms="1" status="PASS">
          <reporter-output>
          </reporter-output>
        </test-method> <!-- afterMethod -->
        <test-method is-config="true" signature="beforeMethod()[pri:0, instance:testModel.ChuyenDeTest@5c33f1a9]" started-at="2020-06-30T15:29:50 GMT+07:00" name="beforeMethod" finished-at="2020-06-30T15:29:50 GMT+07:00" duration-ms="0" status="PASS">
          <reporter-output>
          </reporter-output>
        </test-method> <!-- beforeMethod -->
        <test-method signature="getHocPhiTest()[pri:0, instance:testModel.ChuyenDeTest@5c33f1a9]" started-at="2020-06-30T15:29:50 GMT+07:00" name="getHocPhiTest" finished-at="2020-06-30T15:29:50 GMT+07:00" duration-ms="2" status="PASS">
          <reporter-output>
          </reporter-output>
        </test-method> <!-- getHocPhiTest -->
        <test-method is-config="true" signature="afterMethod()[pri:0, instance:testModel.ChuyenDeTest@5c33f1a9]" started-at="2020-06-30T15:29:50 GMT+07:00" name="afterMethod" finished-at="2020-06-30T15:29:50 GMT+07:00" duration-ms="1" status="PASS">
          <reporter-output>
          </reporter-output>
        </test-method> <!-- afterMethod -->
        <test-method signature="getMaCDTest()[pri:0, instance:testModel.ChuyenDeTest@5c33f1a9]" started-at="2020-06-30T15:29:50 GMT+07:00" name="getMaCDTest" finished-at="2020-06-30T15:29:50 GMT+07:00" duration-ms="2" status="PASS">
          <reporter-output>
          </reporter-output>
        </test-method> <!-- getMaCDTest -->
        <test-method is-config="true" signature="beforeMethod()[pri:0, instance:testModel.ChuyenDeTest@5c33f1a9]" started-at="2020-06-30T15:29:50 GMT+07:00" name="beforeMethod" finished-at="2020-06-30T15:29:50 GMT+07:00" duration-ms="0" status="PASS">
          <reporter-output>
          </reporter-output>
        </test-method> <!-- beforeMethod -->
        <test-method is-config="true" signature="afterMethod()[pri:0, instance:testModel.ChuyenDeTest@5c33f1a9]" started-at="2020-06-30T15:29:50 GMT+07:00" name="afterMethod" finished-at="2020-06-30T15:29:50 GMT+07:00" duration-ms="0" status="PASS">
          <reporter-output>
          </reporter-output>
        </test-method> <!-- afterMethod -->
        <test-method is-config="true" signature="beforeMethod()[pri:0, instance:testModel.ChuyenDeTest@5c33f1a9]" started-at="2020-06-30T15:29:50 GMT+07:00" name="beforeMethod" finished-at="2020-06-30T15:29:50 GMT+07:00" duration-ms="0" status="PASS">
          <reporter-output>
          </reporter-output>
        </test-method> <!-- beforeMethod -->
        <test-method signature="getMoTaTest()[pri:0, instance:testModel.ChuyenDeTest@5c33f1a9]" started-at="2020-06-30T15:29:50 GMT+07:00" name="getMoTaTest" finished-at="2020-06-30T15:29:50 GMT+07:00" duration-ms="2" status="PASS">
          <reporter-output>
          </reporter-output>
        </test-method> <!-- getMoTaTest -->
        <test-method is-config="true" signature="afterMethod()[pri:0, instance:testModel.ChuyenDeTest@5c33f1a9]" started-at="2020-06-30T15:29:50 GMT+07:00" name="afterMethod" finished-at="2020-06-30T15:29:50 GMT+07:00" duration-ms="0" status="PASS">
          <reporter-output>
          </reporter-output>
        </test-method> <!-- afterMethod -->
        <test-method is-config="true" signature="beforeMethod()[pri:0, instance:testModel.ChuyenDeTest@5c33f1a9]" started-at="2020-06-30T15:29:50 GMT+07:00" name="beforeMethod" finished-at="2020-06-30T15:29:50 GMT+07:00" duration-ms="0" status="PASS">
          <reporter-output>
          </reporter-output>
        </test-method> <!-- beforeMethod -->
        <test-method signature="getTenCDTest()[pri:0, instance:testModel.ChuyenDeTest@5c33f1a9]" started-at="2020-06-30T15:29:50 GMT+07:00" name="getTenCDTest" finished-at="2020-06-30T15:29:50 GMT+07:00" duration-ms="2" status="PASS">
          <reporter-output>
          </reporter-output>
        </test-method> <!-- getTenCDTest -->
        <test-method is-config="true" signature="afterMethod()[pri:0, instance:testModel.ChuyenDeTest@5c33f1a9]" started-at="2020-06-30T15:29:50 GMT+07:00" name="afterMethod" finished-at="2020-06-30T15:29:50 GMT+07:00" duration-ms="0" status="PASS">
          <reporter-output>
          </reporter-output>
        </test-method> <!-- afterMethod -->
        <test-method is-config="true" signature="beforeMethod()[pri:0, instance:testModel.ChuyenDeTest@5c33f1a9]" started-at="2020-06-30T15:29:50 GMT+07:00" name="beforeMethod" finished-at="2020-06-30T15:29:50 GMT+07:00" duration-ms="0" status="PASS">
          <reporter-output>
          </reporter-output>
        </test-method> <!-- beforeMethod -->
        <test-method signature="getThoiLuongTest()[pri:0, instance:testModel.ChuyenDeTest@5c33f1a9]" started-at="2020-06-30T15:29:50 GMT+07:00" name="getThoiLuongTest" finished-at="2020-06-30T15:29:50 GMT+07:00" duration-ms="2" status="PASS">
          <reporter-output>
          </reporter-output>
        </test-method> <!-- getThoiLuongTest -->
        <test-method is-config="true" signature="afterMethod()[pri:0, instance:testModel.ChuyenDeTest@5c33f1a9]" started-at="2020-06-30T15:29:50 GMT+07:00" name="afterMethod" finished-at="2020-06-30T15:29:50 GMT+07:00" duration-ms="0" status="PASS">
          <reporter-output>
          </reporter-output>
        </test-method> <!-- afterMethod -->
        <test-method is-config="true" signature="beforeMethod()[pri:0, instance:testModel.ChuyenDeTest@5c33f1a9]" started-at="2020-06-30T15:29:50 GMT+07:00" name="beforeMethod" finished-at="2020-06-30T15:29:50 GMT+07:00" duration-ms="0" status="PASS">
          <reporter-output>
          </reporter-output>
        </test-method> <!-- beforeMethod -->
        <test-method signature="setHinhNullTest()[pri:0, instance:testModel.ChuyenDeTest@5c33f1a9]" started-at="2020-06-30T15:29:50 GMT+07:00" name="setHinhNullTest" finished-at="2020-06-30T15:29:50 GMT+07:00" duration-ms="9" status="FAIL">
          <exception class="org.testng.TestException">
            <message>
              <![CDATA[
Method ChuyenDeTest.setHinhNullTest()[pri:0, instance:testModel.ChuyenDeTest@5c33f1a9] should have thrown an exception of type class java.lang.Exception]]>
            </message>
            <full-stacktrace>
              <![CDATA[org.testng.TestException: 
Method ChuyenDeTest.setHinhNullTest()[pri:0, instance:testModel.ChuyenDeTest@5c33f1a9] should have thrown an exception of type class java.lang.Exception
at org.testng.internal.ExpectedExceptionsHolder.noException(ExpectedExceptionsHolder.java:82)
at org.testng.internal.TestInvoker.considerExceptions(TestInvoker.java:741)
at org.testng.internal.TestInvoker.invokeMethod(TestInvoker.java:629)
at org.testng.internal.TestInvoker.invokeTestMethod(TestInvoker.java:173)
at org.testng.internal.MethodRunner.runInSequence(MethodRunner.java:46)
at org.testng.internal.TestInvoker$MethodInvocationAgent.invoke(TestInvoker.java:816)
at org.testng.internal.TestInvoker.invokeTestMethods(TestInvoker.java:146)
at org.testng.internal.TestMethodWorker.invokeTestMethods(TestMethodWorker.java:146)
at org.testng.internal.TestMethodWorker.run(TestMethodWorker.java:128)
at java.base/java.util.ArrayList.forEach(ArrayList.java:1510)
at org.testng.TestRunner.privateRun(TestRunner.java:766)
at org.testng.TestRunner.run(TestRunner.java:587)
at org.testng.SuiteRunner.runTest(SuiteRunner.java:384)
at org.testng.SuiteRunner.runSequentially(SuiteRunner.java:378)
at org.testng.SuiteRunner.privateRun(SuiteRunner.java:337)
at org.testng.SuiteRunner.run(SuiteRunner.java:286)
at org.testng.SuiteRunnerWorker.runSuite(SuiteRunnerWorker.java:53)
at org.testng.SuiteRunnerWorker.run(SuiteRunnerWorker.java:96)
at org.testng.TestNG.runSuitesSequentially(TestNG.java:1187)
at org.testng.TestNG.runSuitesLocally(TestNG.java:1109)
at org.testng.TestNG.runSuites(TestNG.java:1039)
at org.testng.TestNG.run(TestNG.java:1007)
at org.testng.remote.AbstractRemoteTestNG.run(AbstractRemoteTestNG.java:115)
at org.testng.remote.RemoteTestNG.initAndRun(RemoteTestNG.java:251)
at org.testng.remote.RemoteTestNG.main(RemoteTestNG.java:77)
]]>
            </full-stacktrace>
          </exception> <!-- org.testng.TestException -->
          <reporter-output>
          </reporter-output>
        </test-method> <!-- setHinhNullTest -->
        <test-method is-config="true" signature="afterMethod()[pri:0, instance:testModel.ChuyenDeTest@5c33f1a9]" started-at="2020-06-30T15:29:50 GMT+07:00" name="afterMethod" finished-at="2020-06-30T15:29:50 GMT+07:00" duration-ms="0" status="PASS">
          <reporter-output>
          </reporter-output>
        </test-method> <!-- afterMethod -->
        <test-method signature="setHinhTest()[pri:0, instance:testModel.ChuyenDeTest@5c33f1a9]" started-at="2020-06-30T15:29:50 GMT+07:00" name="setHinhTest" finished-at="2020-06-30T15:29:50 GMT+07:00" duration-ms="2" status="PASS">
          <reporter-output>
          </reporter-output>
        </test-method> <!-- setHinhTest -->
        <test-method is-config="true" signature="beforeMethod()[pri:0, instance:testModel.ChuyenDeTest@5c33f1a9]" started-at="2020-06-30T15:29:50 GMT+07:00" name="beforeMethod" finished-at="2020-06-30T15:29:50 GMT+07:00" duration-ms="0" status="PASS">
          <reporter-output>
          </reporter-output>
        </test-method> <!-- beforeMethod -->
        <test-method is-config="true" signature="afterMethod()[pri:0, instance:testModel.ChuyenDeTest@5c33f1a9]" started-at="2020-06-30T15:29:50 GMT+07:00" name="afterMethod" finished-at="2020-06-30T15:29:50 GMT+07:00" duration-ms="1" status="PASS">
          <reporter-output>
          </reporter-output>
        </test-method> <!-- afterMethod -->
        <test-method signature="setHocPhiNegativeTest()[pri:0, instance:testModel.ChuyenDeTest@5c33f1a9]" started-at="2020-06-30T15:29:50 GMT+07:00" name="setHocPhiNegativeTest" finished-at="2020-06-30T15:29:50 GMT+07:00" duration-ms="2" status="FAIL">
          <exception class="org.testng.TestException">
            <message>
              <![CDATA[
Method ChuyenDeTest.setHocPhiNegativeTest()[pri:0, instance:testModel.ChuyenDeTest@5c33f1a9] should have thrown an exception of type class java.lang.Exception]]>
            </message>
            <full-stacktrace>
              <![CDATA[org.testng.TestException: 
Method ChuyenDeTest.setHocPhiNegativeTest()[pri:0, instance:testModel.ChuyenDeTest@5c33f1a9] should have thrown an exception of type class java.lang.Exception
at org.testng.internal.ExpectedExceptionsHolder.noException(ExpectedExceptionsHolder.java:82)
at org.testng.internal.TestInvoker.considerExceptions(TestInvoker.java:741)
at org.testng.internal.TestInvoker.invokeMethod(TestInvoker.java:629)
at org.testng.internal.TestInvoker.invokeTestMethod(TestInvoker.java:173)
at org.testng.internal.MethodRunner.runInSequence(MethodRunner.java:46)
at org.testng.internal.TestInvoker$MethodInvocationAgent.invoke(TestInvoker.java:816)
at org.testng.internal.TestInvoker.invokeTestMethods(TestInvoker.java:146)
at org.testng.internal.TestMethodWorker.invokeTestMethods(TestMethodWorker.java:146)
at org.testng.internal.TestMethodWorker.run(TestMethodWorker.java:128)
at java.base/java.util.ArrayList.forEach(ArrayList.java:1510)
at org.testng.TestRunner.privateRun(TestRunner.java:766)
at org.testng.TestRunner.run(TestRunner.java:587)
at org.testng.SuiteRunner.runTest(SuiteRunner.java:384)
at org.testng.SuiteRunner.runSequentially(SuiteRunner.java:378)
at org.testng.SuiteRunner.privateRun(SuiteRunner.java:337)
at org.testng.SuiteRunner.run(SuiteRunner.java:286)
at org.testng.SuiteRunnerWorker.runSuite(SuiteRunnerWorker.java:53)
at org.testng.SuiteRunnerWorker.run(SuiteRunnerWorker.java:96)
at org.testng.TestNG.runSuitesSequentially(TestNG.java:1187)
at org.testng.TestNG.runSuitesLocally(TestNG.java:1109)
at org.testng.TestNG.runSuites(TestNG.java:1039)
at org.testng.TestNG.run(TestNG.java:1007)
at org.testng.remote.AbstractRemoteTestNG.run(AbstractRemoteTestNG.java:115)
at org.testng.remote.RemoteTestNG.initAndRun(RemoteTestNG.java:251)
at org.testng.remote.RemoteTestNG.main(RemoteTestNG.java:77)
]]>
            </full-stacktrace>
          </exception> <!-- org.testng.TestException -->
          <reporter-output>
          </reporter-output>
        </test-method> <!-- setHocPhiNegativeTest -->
        <test-method is-config="true" signature="beforeMethod()[pri:0, instance:testModel.ChuyenDeTest@5c33f1a9]" started-at="2020-06-30T15:29:50 GMT+07:00" name="beforeMethod" finished-at="2020-06-30T15:29:50 GMT+07:00" duration-ms="0" status="PASS">
          <reporter-output>
          </reporter-output>
        </test-method> <!-- beforeMethod -->
        <test-method is-config="true" signature="afterMethod()[pri:0, instance:testModel.ChuyenDeTest@5c33f1a9]" started-at="2020-06-30T15:29:50 GMT+07:00" name="afterMethod" finished-at="2020-06-30T15:29:50 GMT+07:00" duration-ms="0" status="PASS">
          <reporter-output>
          </reporter-output>
        </test-method> <!-- afterMethod -->
        <test-method is-config="true" signature="beforeMethod()[pri:0, instance:testModel.ChuyenDeTest@5c33f1a9]" started-at="2020-06-30T15:29:50 GMT+07:00" name="beforeMethod" finished-at="2020-06-30T15:29:50 GMT+07:00" duration-ms="0" status="PASS">
          <reporter-output>
          </reporter-output>
        </test-method> <!-- beforeMethod -->
        <test-method signature="setHocPhiTest()[pri:0, instance:testModel.ChuyenDeTest@5c33f1a9]" started-at="2020-06-30T15:29:50 GMT+07:00" name="setHocPhiTest" finished-at="2020-06-30T15:29:50 GMT+07:00" duration-ms="2" status="PASS">
          <reporter-output>
          </reporter-output>
        </test-method> <!-- setHocPhiTest -->
        <test-method is-config="true" signature="afterMethod()[pri:0, instance:testModel.ChuyenDeTest@5c33f1a9]" started-at="2020-06-30T15:29:50 GMT+07:00" name="afterMethod" finished-at="2020-06-30T15:29:50 GMT+07:00" duration-ms="0" status="PASS">
          <reporter-output>
          </reporter-output>
        </test-method> <!-- afterMethod -->
        <test-method is-config="true" signature="beforeMethod()[pri:0, instance:testModel.ChuyenDeTest@5c33f1a9]" started-at="2020-06-30T15:29:50 GMT+07:00" name="beforeMethod" finished-at="2020-06-30T15:29:50 GMT+07:00" duration-ms="1" status="PASS">
          <reporter-output>
          </reporter-output>
        </test-method> <!-- beforeMethod -->
        <test-method signature="setHocPhiZeroTest()[pri:0, instance:testModel.ChuyenDeTest@5c33f1a9]" started-at="2020-06-30T15:29:50 GMT+07:00" name="setHocPhiZeroTest" finished-at="2020-06-30T15:29:50 GMT+07:00" duration-ms="2" status="FAIL">
          <exception class="org.testng.TestException">
            <message>
              <![CDATA[
Method ChuyenDeTest.setHocPhiZeroTest()[pri:0, instance:testModel.ChuyenDeTest@5c33f1a9] should have thrown an exception of type class java.lang.Exception]]>
            </message>
            <full-stacktrace>
              <![CDATA[org.testng.TestException: 
Method ChuyenDeTest.setHocPhiZeroTest()[pri:0, instance:testModel.ChuyenDeTest@5c33f1a9] should have thrown an exception of type class java.lang.Exception
at org.testng.internal.ExpectedExceptionsHolder.noException(ExpectedExceptionsHolder.java:82)
at org.testng.internal.TestInvoker.considerExceptions(TestInvoker.java:741)
at org.testng.internal.TestInvoker.invokeMethod(TestInvoker.java:629)
at org.testng.internal.TestInvoker.invokeTestMethod(TestInvoker.java:173)
at org.testng.internal.MethodRunner.runInSequence(MethodRunner.java:46)
at org.testng.internal.TestInvoker$MethodInvocationAgent.invoke(TestInvoker.java:816)
at org.testng.internal.TestInvoker.invokeTestMethods(TestInvoker.java:146)
at org.testng.internal.TestMethodWorker.invokeTestMethods(TestMethodWorker.java:146)
at org.testng.internal.TestMethodWorker.run(TestMethodWorker.java:128)
at java.base/java.util.ArrayList.forEach(ArrayList.java:1510)
at org.testng.TestRunner.privateRun(TestRunner.java:766)
at org.testng.TestRunner.run(TestRunner.java:587)
at org.testng.SuiteRunner.runTest(SuiteRunner.java:384)
at org.testng.SuiteRunner.runSequentially(SuiteRunner.java:378)
at org.testng.SuiteRunner.privateRun(SuiteRunner.java:337)
at org.testng.SuiteRunner.run(SuiteRunner.java:286)
at org.testng.SuiteRunnerWorker.runSuite(SuiteRunnerWorker.java:53)
at org.testng.SuiteRunnerWorker.run(SuiteRunnerWorker.java:96)
at org.testng.TestNG.runSuitesSequentially(TestNG.java:1187)
at org.testng.TestNG.runSuitesLocally(TestNG.java:1109)
at org.testng.TestNG.runSuites(TestNG.java:1039)
at org.testng.TestNG.run(TestNG.java:1007)
at org.testng.remote.AbstractRemoteTestNG.run(AbstractRemoteTestNG.java:115)
at org.testng.remote.RemoteTestNG.initAndRun(RemoteTestNG.java:251)
at org.testng.remote.RemoteTestNG.main(RemoteTestNG.java:77)
]]>
            </full-stacktrace>
          </exception> <!-- org.testng.TestException -->
          <reporter-output>
          </reporter-output>
        </test-method> <!-- setHocPhiZeroTest -->
        <test-method is-config="true" signature="afterMethod()[pri:0, instance:testModel.ChuyenDeTest@5c33f1a9]" started-at="2020-06-30T15:29:50 GMT+07:00" name="afterMethod" finished-at="2020-06-30T15:29:50 GMT+07:00" duration-ms="0" status="PASS">
          <reporter-output>
          </reporter-output>
        </test-method> <!-- afterMethod -->
        <test-method is-config="true" signature="beforeMethod()[pri:0, instance:testModel.ChuyenDeTest@5c33f1a9]" started-at="2020-06-30T15:29:50 GMT+07:00" name="beforeMethod" finished-at="2020-06-30T15:29:50 GMT+07:00" duration-ms="0" status="PASS">
          <reporter-output>
          </reporter-output>
        </test-method> <!-- beforeMethod -->
        <test-method signature="setMaCDNullTest()[pri:0, instance:testModel.ChuyenDeTest@5c33f1a9]" started-at="2020-06-30T15:29:50 GMT+07:00" name="setMaCDNullTest" finished-at="2020-06-30T15:29:50 GMT+07:00" duration-ms="2" status="FAIL">
          <exception class="org.testng.TestException">
            <message>
              <![CDATA[
Method ChuyenDeTest.setMaCDNullTest()[pri:0, instance:testModel.ChuyenDeTest@5c33f1a9] should have thrown an exception of type class java.lang.Exception]]>
            </message>
            <full-stacktrace>
              <![CDATA[org.testng.TestException: 
Method ChuyenDeTest.setMaCDNullTest()[pri:0, instance:testModel.ChuyenDeTest@5c33f1a9] should have thrown an exception of type class java.lang.Exception
at org.testng.internal.ExpectedExceptionsHolder.noException(ExpectedExceptionsHolder.java:82)
at org.testng.internal.TestInvoker.considerExceptions(TestInvoker.java:741)
at org.testng.internal.TestInvoker.invokeMethod(TestInvoker.java:629)
at org.testng.internal.TestInvoker.invokeTestMethod(TestInvoker.java:173)
at org.testng.internal.MethodRunner.runInSequence(MethodRunner.java:46)
at org.testng.internal.TestInvoker$MethodInvocationAgent.invoke(TestInvoker.java:816)
at org.testng.internal.TestInvoker.invokeTestMethods(TestInvoker.java:146)
at org.testng.internal.TestMethodWorker.invokeTestMethods(TestMethodWorker.java:146)
at org.testng.internal.TestMethodWorker.run(TestMethodWorker.java:128)
at java.base/java.util.ArrayList.forEach(ArrayList.java:1510)
at org.testng.TestRunner.privateRun(TestRunner.java:766)
at org.testng.TestRunner.run(TestRunner.java:587)
at org.testng.SuiteRunner.runTest(SuiteRunner.java:384)
at org.testng.SuiteRunner.runSequentially(SuiteRunner.java:378)
at org.testng.SuiteRunner.privateRun(SuiteRunner.java:337)
at org.testng.SuiteRunner.run(SuiteRunner.java:286)
at org.testng.SuiteRunnerWorker.runSuite(SuiteRunnerWorker.java:53)
at org.testng.SuiteRunnerWorker.run(SuiteRunnerWorker.java:96)
at org.testng.TestNG.runSuitesSequentially(TestNG.java:1187)
at org.testng.TestNG.runSuitesLocally(TestNG.java:1109)
at org.testng.TestNG.runSuites(TestNG.java:1039)
at org.testng.TestNG.run(TestNG.java:1007)
at org.testng.remote.AbstractRemoteTestNG.run(AbstractRemoteTestNG.java:115)
at org.testng.remote.RemoteTestNG.initAndRun(RemoteTestNG.java:251)
at org.testng.remote.RemoteTestNG.main(RemoteTestNG.java:77)
]]>
            </full-stacktrace>
          </exception> <!-- org.testng.TestException -->
          <reporter-output>
          </reporter-output>
        </test-method> <!-- setMaCDNullTest -->
        <test-method is-config="true" signature="afterMethod()[pri:0, instance:testModel.ChuyenDeTest@5c33f1a9]" started-at="2020-06-30T15:29:50 GMT+07:00" name="afterMethod" finished-at="2020-06-30T15:29:50 GMT+07:00" duration-ms="1" status="PASS">
          <reporter-output>
          </reporter-output>
        </test-method> <!-- afterMethod -->
        <test-method is-config="true" signature="beforeMethod()[pri:0, instance:testModel.ChuyenDeTest@5c33f1a9]" started-at="2020-06-30T15:29:50 GMT+07:00" name="beforeMethod" finished-at="2020-06-30T15:29:50 GMT+07:00" duration-ms="1" status="PASS">
          <reporter-output>
          </reporter-output>
        </test-method> <!-- beforeMethod -->
        <test-method signature="setMaCDTest()[pri:0, instance:testModel.ChuyenDeTest@5c33f1a9]" started-at="2020-06-30T15:29:50 GMT+07:00" name="setMaCDTest" finished-at="2020-06-30T15:29:50 GMT+07:00" duration-ms="5" status="PASS">
          <reporter-output>
          </reporter-output>
        </test-method> <!-- setMaCDTest -->
        <test-method is-config="true" signature="afterMethod()[pri:0, instance:testModel.ChuyenDeTest@5c33f1a9]" started-at="2020-06-30T15:29:50 GMT+07:00" name="afterMethod" finished-at="2020-06-30T15:29:50 GMT+07:00" duration-ms="2" status="PASS">
          <reporter-output>
          </reporter-output>
        </test-method> <!-- afterMethod -->
        <test-method is-config="true" signature="beforeMethod()[pri:0, instance:testModel.ChuyenDeTest@5c33f1a9]" started-at="2020-06-30T15:29:50 GMT+07:00" name="beforeMethod" finished-at="2020-06-30T15:29:50 GMT+07:00" duration-ms="2" status="PASS">
          <reporter-output>
          </reporter-output>
        </test-method> <!-- beforeMethod -->
        <test-method signature="setMoTaEmptyTest()[pri:0, instance:testModel.ChuyenDeTest@5c33f1a9]" started-at="2020-06-30T15:29:50 GMT+07:00" name="setMoTaEmptyTest" finished-at="2020-06-30T15:29:50 GMT+07:00" duration-ms="11" status="PASS">
          <reporter-output>
          </reporter-output>
        </test-method> <!-- setMoTaEmptyTest -->
        <test-method is-config="true" signature="afterMethod()[pri:0, instance:testModel.ChuyenDeTest@5c33f1a9]" started-at="2020-06-30T15:29:50 GMT+07:00" name="afterMethod" finished-at="2020-06-30T15:29:50 GMT+07:00" duration-ms="0" status="PASS">
          <reporter-output>
          </reporter-output>
        </test-method> <!-- afterMethod -->
        <test-method is-config="true" signature="beforeMethod()[pri:0, instance:testModel.ChuyenDeTest@5c33f1a9]" started-at="2020-06-30T15:29:50 GMT+07:00" name="beforeMethod" finished-at="2020-06-30T15:29:50 GMT+07:00" duration-ms="1" status="PASS">
          <reporter-output>
          </reporter-output>
        </test-method> <!-- beforeMethod -->
        <test-method signature="setMoTaTest()[pri:0, instance:testModel.ChuyenDeTest@5c33f1a9]" started-at="2020-06-30T15:29:50 GMT+07:00" name="setMoTaTest" finished-at="2020-06-30T15:29:50 GMT+07:00" duration-ms="2" status="PASS">
          <reporter-output>
          </reporter-output>
        </test-method> <!-- setMoTaTest -->
        <test-method is-config="true" signature="afterMethod()[pri:0, instance:testModel.ChuyenDeTest@5c33f1a9]" started-at="2020-06-30T15:29:50 GMT+07:00" name="afterMethod" finished-at="2020-06-30T15:29:50 GMT+07:00" duration-ms="0" status="PASS">
          <reporter-output>
          </reporter-output>
        </test-method> <!-- afterMethod -->
        <test-method is-config="true" signature="beforeMethod()[pri:0, instance:testModel.ChuyenDeTest@5c33f1a9]" started-at="2020-06-30T15:29:50 GMT+07:00" name="beforeMethod" finished-at="2020-06-30T15:29:50 GMT+07:00" duration-ms="1" status="PASS">
          <reporter-output>
          </reporter-output>
        </test-method> <!-- beforeMethod -->
        <test-method signature="setTenCDNullTest()[pri:0, instance:testModel.ChuyenDeTest@5c33f1a9]" started-at="2020-06-30T15:29:50 GMT+07:00" name="setTenCDNullTest" finished-at="2020-06-30T15:29:50 GMT+07:00" duration-ms="1" status="FAIL">
          <exception class="org.testng.TestException">
            <message>
              <![CDATA[
Method ChuyenDeTest.setTenCDNullTest()[pri:0, instance:testModel.ChuyenDeTest@5c33f1a9] should have thrown an exception of type class java.lang.Exception]]>
            </message>
            <full-stacktrace>
              <![CDATA[org.testng.TestException: 
Method ChuyenDeTest.setTenCDNullTest()[pri:0, instance:testModel.ChuyenDeTest@5c33f1a9] should have thrown an exception of type class java.lang.Exception
at org.testng.internal.ExpectedExceptionsHolder.noException(ExpectedExceptionsHolder.java:82)
at org.testng.internal.TestInvoker.considerExceptions(TestInvoker.java:741)
at org.testng.internal.TestInvoker.invokeMethod(TestInvoker.java:629)
at org.testng.internal.TestInvoker.invokeTestMethod(TestInvoker.java:173)
at org.testng.internal.MethodRunner.runInSequence(MethodRunner.java:46)
at org.testng.internal.TestInvoker$MethodInvocationAgent.invoke(TestInvoker.java:816)
at org.testng.internal.TestInvoker.invokeTestMethods(TestInvoker.java:146)
at org.testng.internal.TestMethodWorker.invokeTestMethods(TestMethodWorker.java:146)
at org.testng.internal.TestMethodWorker.run(TestMethodWorker.java:128)
at java.base/java.util.ArrayList.forEach(ArrayList.java:1510)
at org.testng.TestRunner.privateRun(TestRunner.java:766)
at org.testng.TestRunner.run(TestRunner.java:587)
at org.testng.SuiteRunner.runTest(SuiteRunner.java:384)
at org.testng.SuiteRunner.runSequentially(SuiteRunner.java:378)
at org.testng.SuiteRunner.privateRun(SuiteRunner.java:337)
at org.testng.SuiteRunner.run(SuiteRunner.java:286)
at org.testng.SuiteRunnerWorker.runSuite(SuiteRunnerWorker.java:53)
at org.testng.SuiteRunnerWorker.run(SuiteRunnerWorker.java:96)
at org.testng.TestNG.runSuitesSequentially(TestNG.java:1187)
at org.testng.TestNG.runSuitesLocally(TestNG.java:1109)
at org.testng.TestNG.runSuites(TestNG.java:1039)
at org.testng.TestNG.run(TestNG.java:1007)
at org.testng.remote.AbstractRemoteTestNG.run(AbstractRemoteTestNG.java:115)
at org.testng.remote.RemoteTestNG.initAndRun(RemoteTestNG.java:251)
at org.testng.remote.RemoteTestNG.main(RemoteTestNG.java:77)
]]>
            </full-stacktrace>
          </exception> <!-- org.testng.TestException -->
          <reporter-output>
          </reporter-output>
        </test-method> <!-- setTenCDNullTest -->
        <test-method is-config="true" signature="afterMethod()[pri:0, instance:testModel.ChuyenDeTest@5c33f1a9]" started-at="2020-06-30T15:29:50 GMT+07:00" name="afterMethod" finished-at="2020-06-30T15:29:50 GMT+07:00" duration-ms="1" status="PASS">
          <reporter-output>
          </reporter-output>
        </test-method> <!-- afterMethod -->
        <test-method is-config="true" signature="beforeMethod()[pri:0, instance:testModel.ChuyenDeTest@5c33f1a9]" started-at="2020-06-30T15:29:50 GMT+07:00" name="beforeMethod" finished-at="2020-06-30T15:29:50 GMT+07:00" duration-ms="3" status="PASS">
          <reporter-output>
          </reporter-output>
        </test-method> <!-- beforeMethod -->
        <test-method signature="setTenCDTest()[pri:0, instance:testModel.ChuyenDeTest@5c33f1a9]" started-at="2020-06-30T15:29:50 GMT+07:00" name="setTenCDTest" finished-at="2020-06-30T15:29:50 GMT+07:00" duration-ms="1" status="PASS">
          <reporter-output>
          </reporter-output>
        </test-method> <!-- setTenCDTest -->
        <test-method is-config="true" signature="afterMethod()[pri:0, instance:testModel.ChuyenDeTest@5c33f1a9]" started-at="2020-06-30T15:29:50 GMT+07:00" name="afterMethod" finished-at="2020-06-30T15:29:50 GMT+07:00" duration-ms="0" status="PASS">
          <reporter-output>
          </reporter-output>
        </test-method> <!-- afterMethod -->
        <test-method signature="setThoiLuongNullTest()[pri:0, instance:testModel.ChuyenDeTest@5c33f1a9]" started-at="2020-06-30T15:29:50 GMT+07:00" name="setThoiLuongNullTest" finished-at="2020-06-30T15:29:50 GMT+07:00" duration-ms="2" status="FAIL">
          <exception class="org.testng.TestException">
            <message>
              <![CDATA[
Method ChuyenDeTest.setThoiLuongNullTest()[pri:0, instance:testModel.ChuyenDeTest@5c33f1a9] should have thrown an exception of type class java.lang.Exception]]>
            </message>
            <full-stacktrace>
              <![CDATA[org.testng.TestException: 
Method ChuyenDeTest.setThoiLuongNullTest()[pri:0, instance:testModel.ChuyenDeTest@5c33f1a9] should have thrown an exception of type class java.lang.Exception
at org.testng.internal.ExpectedExceptionsHolder.noException(ExpectedExceptionsHolder.java:82)
at org.testng.internal.TestInvoker.considerExceptions(TestInvoker.java:741)
at org.testng.internal.TestInvoker.invokeMethod(TestInvoker.java:629)
at org.testng.internal.TestInvoker.invokeTestMethod(TestInvoker.java:173)
at org.testng.internal.MethodRunner.runInSequence(MethodRunner.java:46)
at org.testng.internal.TestInvoker$MethodInvocationAgent.invoke(TestInvoker.java:816)
at org.testng.internal.TestInvoker.invokeTestMethods(TestInvoker.java:146)
at org.testng.internal.TestMethodWorker.invokeTestMethods(TestMethodWorker.java:146)
at org.testng.internal.TestMethodWorker.run(TestMethodWorker.java:128)
at java.base/java.util.ArrayList.forEach(ArrayList.java:1510)
at org.testng.TestRunner.privateRun(TestRunner.java:766)
at org.testng.TestRunner.run(TestRunner.java:587)
at org.testng.SuiteRunner.runTest(SuiteRunner.java:384)
at org.testng.SuiteRunner.runSequentially(SuiteRunner.java:378)
at org.testng.SuiteRunner.privateRun(SuiteRunner.java:337)
at org.testng.SuiteRunner.run(SuiteRunner.java:286)
at org.testng.SuiteRunnerWorker.runSuite(SuiteRunnerWorker.java:53)
at org.testng.SuiteRunnerWorker.run(SuiteRunnerWorker.java:96)
at org.testng.TestNG.runSuitesSequentially(TestNG.java:1187)
at org.testng.TestNG.runSuitesLocally(TestNG.java:1109)
at org.testng.TestNG.runSuites(TestNG.java:1039)
at org.testng.TestNG.run(TestNG.java:1007)
at org.testng.remote.AbstractRemoteTestNG.run(AbstractRemoteTestNG.java:115)
at org.testng.remote.RemoteTestNG.initAndRun(RemoteTestNG.java:251)
at org.testng.remote.RemoteTestNG.main(RemoteTestNG.java:77)
]]>
            </full-stacktrace>
          </exception> <!-- org.testng.TestException -->
          <reporter-output>
          </reporter-output>
        </test-method> <!-- setThoiLuongNullTest -->
        <test-method is-config="true" signature="beforeMethod()[pri:0, instance:testModel.ChuyenDeTest@5c33f1a9]" started-at="2020-06-30T15:29:50 GMT+07:00" name="beforeMethod" finished-at="2020-06-30T15:29:50 GMT+07:00" duration-ms="0" status="PASS">
          <reporter-output>
          </reporter-output>
        </test-method> <!-- beforeMethod -->
        <test-method is-config="true" signature="afterMethod()[pri:0, instance:testModel.ChuyenDeTest@5c33f1a9]" started-at="2020-06-30T15:29:50 GMT+07:00" name="afterMethod" finished-at="2020-06-30T15:29:50 GMT+07:00" duration-ms="1" status="PASS">
          <reporter-output>
          </reporter-output>
        </test-method> <!-- afterMethod -->
        <test-method is-config="true" signature="beforeMethod()[pri:0, instance:testModel.ChuyenDeTest@5c33f1a9]" started-at="2020-06-30T15:29:50 GMT+07:00" name="beforeMethod" finished-at="2020-06-30T15:29:50 GMT+07:00" duration-ms="1" status="PASS">
          <reporter-output>
          </reporter-output>
        </test-method> <!-- beforeMethod -->
        <test-method signature="setThoiLuongTest()[pri:0, instance:testModel.ChuyenDeTest@5c33f1a9]" started-at="2020-06-30T15:29:50 GMT+07:00" name="setThoiLuongTest" finished-at="2020-06-30T15:29:50 GMT+07:00" duration-ms="1" status="PASS">
          <reporter-output>
          </reporter-output>
        </test-method> <!-- setThoiLuongTest -->
        <test-method is-config="true" signature="afterMethod()[pri:0, instance:testModel.ChuyenDeTest@5c33f1a9]" started-at="2020-06-30T15:29:50 GMT+07:00" name="afterMethod" finished-at="2020-06-30T15:29:50 GMT+07:00" duration-ms="0" status="PASS">
          <reporter-output>
          </reporter-output>
        </test-method> <!-- afterMethod -->
      </class> <!-- testModel.ChuyenDeTest -->
    </test> <!-- Default test -->
  </suite> <!-- Default suite -->
</testng-results>
