# JRE version: Java(TM) SE Runtime Environment (8.0_251-b08) (build 1.8.0_251-b08)
# Java VM: Java HotSpot(TM) 64-Bit Server VM (25.251-b08 mixed mode windows-amd64 compressed oops)
Heap:
 PSYoungGen      total 138752K, used 89182K [0x00000000eb200000, 0x00000000f3e00000, 0x0000000100000000)
  eden space 138240K, 64% used [0x00000000eb200000,0x00000000f08e3920,0x00000000f3900000)
  from space 512K, 40% used [0x00000000f3980000,0x00000000f39b4230,0x00000000f3a00000)
  to   space 512K, 0% used [0x00000000f3900000,0x00000000f3900000,0x00000000f3980000)
 ParOldGen       total 29184K, used 14187K [0x00000000c1600000, 0x00000000c3280000, 0x00000000eb200000)
  object space 29184K, 48% used [0x00000000c1600000,0x00000000c23daf80,0x00000000c3280000)
 Metaspace       used 21267K, capacity 21624K, committed 21888K, reserved 1069056K
  class space    used 2562K, capacity 2670K, committed 2688K, reserved 1048576K
GC Heap History (10 events):
Event: 9.373 GC heap before
{Heap before GC invocations=91 (full 1):
 PSYoungGen      total 138752K, used 138368K [0x00000000eb200000, 0x00000000f3e00000, 0x0000000100000000)
  eden space 138240K, 100% used [0x00000000eb200000,0x00000000f3900000,0x00000000f3900000)
  from space 512K, 25% used [0x00000000f3900000,0x00000000f3920000,0x00000000f3980000)
  to   space 512K, 0% used [0x00000000f3980000,0x00000000f3980000,0x00000000f3a00000)
 ParOldGen       total 29184K, used 13766K [0x00000000c1600000, 0x00000000c3280000, 0x00000000eb200000)
  object space 29184K, 47% used [0x00000000c1600000,0x00000000c23719d0,0x00000000c3280000)
 Metaspace       used 19872K, capacity 20188K, committed 20352K, reserved 1069056K
  class space    used 2328K, capacity 2402K, committed 2432K, reserved 1048576K
Event: 9.374 GC heap after
Heap after GC invocations=91 (full 1):
 PSYoungGen      total 138752K, used 128K [0x00000000eb200000, 0x00000000f3e00000, 0x0000000100000000)
  eden space 138240K, 0% used [0x00000000eb200000,0x00000000eb200000,0x00000000f3900000)
  from space 512K, 25% used [0x00000000f3980000,0x00000000f39a0000,0x00000000f3a00000)
  to   space 512K, 0% used [0x00000000f3900000,0x00000000f3900000,0x00000000f3980000)
 ParOldGen       total 29184K, used 13798K [0x00000000c1600000, 0x00000000c3280000, 0x00000000eb200000)
  object space 29184K, 47% used [0x00000000c1600000,0x00000000c23799d0,0x00000000c3280000)
 Metaspace       used 19872K, capacity 20188K, committed 20352K, reserved 1069056K
  class space    used 2328K, capacity 2402K, committed 2432K, reserved 1048576K
}
Event: 9.442 GC heap before
{Heap before GC invocations=92 (full 1):
 PSYoungGen      total 138752K, used 138368K [0x00000000eb200000, 0x00000000f3e00000, 0x0000000100000000)
  eden space 138240K, 100% used [0x00000000eb200000,0x00000000f3900000,0x00000000f3900000)
  from space 512K, 25% used [0x00000000f3980000,0x00000000f39a0000,0x00000000f3a00000)
  to   space 512K, 0% used [0x00000000f3900000,0x00000000f3900000,0x00000000f3980000)
 ParOldGen       total 29184K, used 13798K [0x00000000c1600000, 0x00000000c3280000, 0x00000000eb200000)
  object space 29184K, 47% used [0x00000000c1600000,0x00000000c23799d0,0x00000000c3280000)
 Metaspace       used 19873K, capacity 20188K, committed 20352K, reserved 1069056K
  class space    used 2328K, capacity 2402K, committed 2432K, reserved 1048576K
Event: 9.443 GC heap after
Heap after GC invocations=92 (full 1):
 PSYoungGen      total 138752K, used 96K [0x00000000eb200000, 0x00000000f3e00000, 0x0000000100000000)
  eden space 138240K, 0% used [0x00000000eb200000,0x00000000eb200000,0x00000000f3900000)
  from space 512K, 18% used [0x00000000f3900000,0x00000000f3918000,0x00000000f3980000)
  to   space 512K, 0% used [0x00000000f3980000,0x00000000f3980000,0x00000000f3a00000)
 ParOldGen       total 29184K, used 13806K [0x00000000c1600000, 0x00000000c3280000, 0x00000000eb200000)
  object space 29184K, 47% used [0x00000000c1600000,0x00000000c237b9d0,0x00000000c3280000)
 Metaspace       used 19873K, capacity 20188K, committed 20352K, reserved 1069056K
  class space    used 2328K, capacity 2402K, committed 2432K, reserved 1048576K
}
Event: 9.519 GC heap before
{Heap before GC invocations=93 (full 1):
 PSYoungGen      total 138752K, used 138336K [0x00000000eb200000, 0x00000000f3e00000, 0x0000000100000000)
  eden space 138240K, 100% used [0x00000000eb200000,0x00000000f3900000,0x00000000f3900000)
  from space 512K, 18% used [0x00000000f3900000,0x00000000f3918000,0x00000000f3980000)
  to   space 512K, 0% used [0x00000000f3980000,0x00000000f3980000,0x00000000f3a00000)
 ParOldGen       total 29184K, used 13806K [0x00000000c1600000, 0x00000000c3280000, 0x00000000eb200000)
  object space 29184K, 47% used [0x00000000c1600000,0x00000000c237b9d0,0x00000000c3280000)
 Metaspace       used 19899K, capacity 20220K, committed 20480K, reserved 1069056K
  class space    used 2335K, capacity 2434K, committed 2560K, reserved 1048576K
Event: 9.520 GC heap after
Heap after GC invocations=93 (full 1):
 PSYoungGen      total 138752K, used 128K [0x00000000eb200000, 0x00000000f3e00000, 0x0000000100000000)
  eden space 138240K, 0% used [0x00000000eb200000,0x00000000eb200000,0x00000000f3900000)
  from space 512K, 25% used [0x00000000f3980000,0x00000000f39a0000,0x00000000f3a00000)
  to   space 512K, 0% used [0x00000000f3900000,0x00000000f3900000,0x00000000f3980000)
 ParOldGen       total 29184K, used 13835K [0x00000000c1600000, 0x00000000c3280000, 0x00000000eb200000)
  object space 29184K, 47% used [0x00000000c1600000,0x00000000c2382f80,0x00000000c3280000)
 Metaspace       used 19899K, capacity 20220K, committed 20480K, reserved 1069056K
  class space    used 2335K, capacity 2434K, committed 2560K, reserved 1048576K
}
Event: 9.643 GC heap before
{Heap before GC invocations=94 (full 1):
 PSYoungGen      total 138752K, used 138368K [0x00000000eb200000, 0x00000000f3e00000, 0x0000000100000000)
  eden space 138240K, 100% used [0x00000000eb200000,0x00000000f3900000,0x00000000f3900000)
  from space 512K, 25% used [0x00000000f3980000,0x00000000f39a0000,0x00000000f3a00000)
  to   space 512K, 0% used [0x00000000f3900000,0x00000000f3900000,0x00000000f3980000)
 ParOldGen       total 29184K, used 13835K [0x00000000c1600000, 0x00000000c3280000, 0x00000000eb200000)
  object space 29184K, 47% used [0x00000000c1600000,0x00000000c2382f80,0x00000000c3280000)
 Metaspace       used 21020K, capacity 21330K, committed 21632K, reserved 1069056K
  class space    used 2540K, capacity 2637K, committed 2688K, reserved 1048576K
Event: 9.645 GC heap after
Heap after GC invocations=94 (full 1):
 PSYoungGen      total 138752K, used 416K [0x00000000eb200000, 0x00000000f3e00000, 0x0000000100000000)
  eden space 138240K, 0% used [0x00000000eb200000,0x00000000eb200000,0x00000000f3900000)
  from space 512K, 81% used [0x00000000f3900000,0x00000000f3968000,0x00000000f3980000)
  to   space 512K, 0% used [0x00000000f3980000,0x00000000f3980000,0x00000000f3a00000)
 ParOldGen       total 29184K, used 13859K [0x00000000c1600000, 0x00000000c3280000, 0x00000000eb200000)
  object space 29184K, 47% used [0x00000000c1600000,0x00000000c2388f80,0x00000000c3280000)
 Metaspace       used 21020K, capacity 21330K, committed 21632K, reserved 1069056K
  class space    used 2540K, capacity 2637K, committed 2688K, reserved 1048576K
}
Event: 9.761 GC heap before
{Heap before GC invocations=95 (full 1):
 PSYoungGen      total 138752K, used 138656K [0x00000000eb200000, 0x00000000f3e00000, 0x0000000100000000)
  eden space 138240K, 100% used [0x00000000eb200000,0x00000000f3900000,0x00000000f3900000)
  from space 512K, 81% used [0x00000000f3900000,0x00000000f3968000,0x00000000f3980000)
  to   space 512K, 0% used [0x00000000f3980000,0x00000000f3980000,0x00000000f3a00000)
 ParOldGen       total 29184K, used 13859K [0x00000000c1600000, 0x00000000c3280000, 0x00000000eb200000)
  object space 29184K, 47% used [0x00000000c1600000,0x00000000c2388f80,0x00000000c3280000)
 Metaspace       used 21205K, capacity 21560K, committed 21888K, reserved 1069056K
  class space    used 2556K, capacity 2670K, committed 2688K, reserved 1048576K
Event: 9.763 GC heap after
Heap after GC invocations=95 (full 1):
 PSYoungGen      total 138752K, used 208K [0x00000000eb200000, 0x00000000f3e00000, 0x0000000100000000)
  eden space 138240K, 0% used [0x00000000eb200000,0x00000000eb200000,0x00000000f3900000)
  from space 512K, 40% used [0x00000000f3980000,0x00000000f39b4230,0x00000000f3a00000)
  to   space 512K, 0% used [0x00000000f3900000,0x00000000f3900000,0x00000000f3980000)
 ParOldGen       total 29184K, used 14187K [0x00000000c1600000, 0x00000000c3280000, 0x00000000eb200000)
  object space 29184K, 48% used [0x00000000c1600000,0x00000000c23daf80,0x00000000c3280000)
 Metaspace       used 21205K, capacity 21560K, committed 21888K, reserved 1069056K
  class space    used 2556K, capacity 2670K, committed 2688K, reserved 1048576K
}

